<?xml version="1.0" encoding="UTF-8" ?>
<testsuite errors="0" failures="0" hostname="leiwxp" name="com.thoughtworks.mars.model.behavior.MoveForwardTest" tests="4" time="0.313" timestamp="2012-02-19T16:18:03">
  <properties>
[...]
</properties>
  <testcase classname="com.thoughtworks.mars.model.behavior.MoveForwardTest" name="should_get_north_x2y4_after_moveforward_from_north_x2y3" time="0.031" />
  <testcase classname="com.thoughtworks.mars.model.behavior.MoveForwardTest" name="should_get_west_x1y3_after_moveforward_from_west_x2y3" time="0.0" />
  <testcase classname="com.thoughtworks.mars.model.behavior.MoveForwardTest" name="should_get_east_x3y3_after_moveforward_from_east_x2y3" time="0.0" />
  <testcase classname="com.thoughtworks.mars.model.behavior.MoveForwardTest" name="should_get_south_x2y2_after_moveforward_from_south_x2y3" time="0.016" />
  <system-out><![CDATA[]]></system-out>
  <system-err><![CDATA[]]></system-err>
</testsuite>
